<?xml version="1.0" encoding="UTF-8"?>
<testsuite xmlns:xsi="http://www.w3.org/2001/XMLSchema-instance" xsi:noNamespaceSchemaLocation="https://maven.apache.org/surefire/maven-surefire-plugin/xsd/surefire-test-report.xsd" version="3.0.2" name="com.jasper.project.JasperApplicationTests" time="17.039" tests="1" errors="0" skipped="0" failures="0">
  <properties>
[...]
</properties>
  <testcase name="contextLoads" classname="com.jasper.project.JasperApplicationTests" time="3.001">
    <system-out><![CDATA[13:03:49.999 [main] INFO org.springframework.test.context.support.AnnotationConfigContextLoaderUtils -- Could not detect default configuration classes for test class [com.jasper.project.JasperApplicationTests]: JasperApplicationTests does not declare any static, non-private, non-final, nested classes annotated with @Configuration.
13:03:50.153 [main] INFO org.springframework.boot.test.context.SpringBootTestContextBootstrapper -- Found @SpringBootConfiguration com.jasper.project.JasperApplication for test class com.jasper.project.JasperApplicationTests
13:03:50.461 [main] INFO org.springframework.boot.devtools.restart.RestartApplicationListener -- Restart disabled due to context in which it is running

  .   ____          _            __ _ _
 /\\ / ___'_ __ _ _(_)_ __  __ _ \ \ \ \
( ( )\___ | '_ | '_| | '_ \/ _` | \ \ \ \
 \\/  ___)| |_)| | | | | || (_| |  ) ) ) )
  '  |____| .__|_| |_|_| |_\__, | / / / /
 =========|_|==============|___/=/_/_/_/

 :: Spring Boot ::                (v3.4.5)

2025-05-27T13:03:50.895+05:30  INFO 24156 --- [jasper] [           main] c.jasper.project.JasperApplicationTests  : Starting JasperApplicationTests using Java 17.0.2 with PID 24156 (started by dinesh.kumar in C:\Users\dinesh.kumar\Documents\workspace-spring-tools-for-eclipse-4.30.0.RELEASE\jasper)
2025-05-27T13:03:50.901+05:30  INFO 24156 --- [jasper] [           main] c.jasper.project.JasperApplicationTests  : No active profile set, falling back to 1 default profile: "default"
2025-05-27T13:03:52.106+05:30  INFO 24156 --- [jasper] [           main] .s.d.r.c.RepositoryConfigurationDelegate : Bootstrapping Spring Data JPA repositories in DEFAULT mode.
2025-05-27T13:03:52.241+05:30  INFO 24156 --- [jasper] [           main] .s.d.r.c.RepositoryConfigurationDelegate : Finished Spring Data repository scanning in 98 ms. Found 0 JPA repository interfaces.
2025-05-27T13:03:53.612+05:30  INFO 24156 --- [jasper] [           main] com.zaxxer.hikari.HikariDataSource       : HikariPool-1 - Starting...
2025-05-27T13:03:54.500+05:30  INFO 24156 --- [jasper] [           main] com.zaxxer.hikari.pool.HikariPool        : HikariPool-1 - Added connection oracle.jdbc.driver.T4CConnection@4fecf308
2025-05-27T13:03:54.500+05:30  INFO 24156 --- [jasper] [           main] com.zaxxer.hikari.HikariDataSource       : HikariPool-1 - Start completed.
2025-05-27T13:03:54.623+05:30  INFO 24156 --- [jasper] [           main] o.hibernate.jpa.internal.util.LogHelper  : HHH000204: Processing PersistenceUnitInfo [name: default]
2025-05-27T13:03:54.825+05:30  INFO 24156 --- [jasper] [           main] org.hibernate.Version                    : HHH000412: Hibernate ORM core version 6.6.13.Final
2025-05-27T13:03:54.909+05:30  INFO 24156 --- [jasper] [           main] o.h.c.internal.RegionFactoryInitiator    : HHH000026: Second-level cache disabled
2025-05-27T13:03:55.481+05:30  INFO 24156 --- [jasper] [           main] o.s.o.j.p.SpringPersistenceUnitInfo      : No LoadTimeWeaver setup: ignoring JPA class transformer
2025-05-27T13:03:56.387+05:30  INFO 24156 --- [jasper] [           main] org.hibernate.orm.connections.pooling    : HHH10001005: Database info:
	Database JDBC URL [Connecting through datasource 'HikariDataSource (HikariPool-1)']
	Database driver: undefined/unknown
	Database version: 19.3
	Autocommit mode: undefined/unknown
	Isolation level: undefined/unknown
	Minimum pool size: undefined/unknown
	Maximum pool size: undefined/unknown
2025-05-27T13:03:58.662+05:30  INFO 24156 --- [jasper] [           main] o.h.e.t.j.p.i.JtaPlatformInitiator       : HHH000489: No JTA platform available (set 'hibernate.transaction.jta.platform' to enable JTA platform integration)
2025-05-27T13:03:58.662+05:30  INFO 24156 --- [jasper] [           main] j.LocalContainerEntityManagerFactoryBean : Initialized JPA EntityManagerFactory for persistence unit 'default'
2025-05-27T13:03:58.845+05:30  WARN 24156 --- [jasper] [           main] JpaBaseConfiguration$JpaWebConfiguration : spring.jpa.open-in-view is enabled by default. Therefore, database queries may be performed during view rendering. Explicitly configure spring.jpa.open-in-view to disable this warning
2025-05-27T13:04:03.703+05:30  INFO 24156 --- [jasper] [           main] c.jasper.project.JasperApplicationTests  : Started JasperApplicationTests in 13.257 seconds (process running for 14.886)
]]></system-out>
  </testcase>
</testsuite>